Using pre-set license
Built from '2020.3/staging' branch; Version is '2020.3.32f1 (12f8b0834f07) revision 1243312'; Using compiler version '192528614'; Build Type 'Release'
OS: 'Windows 10  (10.0.19044) 64bit CoreSingleLanguage' Language: 'es' Physical Memory: 8064 MB
BatchMode: 1, IsHumanControllingUs: 0, StartBugReporterOnCrash: 0, Is64bit: 1, IsPro: 0

COMMAND LINE ARGUMENTS:
D:\Unity\2020.3.32f1\Editor\Unity.exe
-adb2
-batchMode
-noUpm
-name
AssetImportWorker1
-projectPath
D:/GitHub/TC2005B_Chronicle-Games/RumbleOfTheForest
-logFile
Logs/AssetImportWorker1.log
-srvPort
63386
Successfully changed project path to: D:/GitHub/TC2005B_Chronicle-Games/RumbleOfTheForest
D:/GitHub/TC2005B_Chronicle-Games/RumbleOfTheForest
Using Asset Import Pipeline V2.
Refreshing native plugins compatible for Editor in 499.72 ms, found 3 plugins.
Preloading 0 native plugins for Editor in 0.00 ms.
Initialize engine version: 2020.3.32f1 (12f8b0834f07)
[Subsystems] Discovering subsystems at path D:/Unity/2020.3.32f1/Editor/Data/Resources/UnitySubsystems
[Subsystems] Discovering subsystems at path D:/GitHub/TC2005B_Chronicle-Games/RumbleOfTheForest/Assets
GfxDevice: creating device client; threaded=0
Direct3D:
    Version:  Direct3D 11.0 [level 11.1]
    Renderer: Intel(R) UHD Graphics 620 (ID=0x3ea0)
    Vendor:   
    VRAM:     4032 MB
    Driver:   27.20.100.9664
Initialize mono
Mono path[0] = 'D:/Unity/2020.3.32f1/Editor/Data/Managed'
Mono path[1] = 'D:/Unity/2020.3.32f1/Editor/Data/MonoBleedingEdge/lib/mono/unityjit'
Mono config path = 'D:/Unity/2020.3.32f1/Editor/Data/MonoBleedingEdge/etc'
Using monoOptions --debugger-agent=transport=dt_socket,embedding=1,server=y,suspend=n,address=127.0.0.1:56480
Begin MonoManager ReloadAssembly
Registering precompiled unity dll's ...
Register platform support module: D:/Unity/2020.3.32f1/Editor/Data/PlaybackEngines/WebGLSupport/UnityEditor.WebGL.Extensions.dll
Register platform support module: D:/Unity/2020.3.32f1/Editor/Data/PlaybackEngines/WindowsStandaloneSupport/UnityEditor.WindowsStandalone.Extensions.dll
Registered in 0.141918 seconds.
Native extension for WindowsStandalone target not found
Native extension for WebGL target not found
Refreshing native plugins compatible for Editor in 108.07 ms, found 3 plugins.
Preloading 0 native plugins for Editor in 0.00 ms.
Mono: successfully reloaded assembly
- Completed reload, in  2.618 seconds
Domain Reload Profiling:
	ReloadAssembly (2619ms)
		BeginReloadAssembly (1059ms)
			ExecutionOrderSort (0ms)
			DisableScriptedObjects (0ms)
			BackupInstance (0ms)
			ReleaseScriptingObjects (0ms)
			CreateAndSetChildDomain (2ms)
		EndReloadAssembly (1263ms)
			LoadAssemblies (1061ms)
			RebuildTransferFunctionScriptingTraits (0ms)
			SetupTypeCache (402ms)
			ReleaseScriptCaches (0ms)
			RebuildScriptCaches (75ms)
			SetupLoadedEditorAssemblies (450ms)
				LogAssemblyErrors (0ms)
				InitializePlatformSupportModulesInManaged (12ms)
				SetLoadedEditorAssemblies (1ms)
				RefreshPlugins (108ms)
				BeforeProcessingInitializeOnLoad (17ms)
				ProcessInitializeOnLoadAttributes (212ms)
				ProcessInitializeOnLoadMethodAttributes (99ms)
				AfterProcessingInitializeOnLoad (0ms)
				EditorAssembliesLoaded (0ms)
			ExecutionOrderSort2 (0ms)
			AwakeInstancesAfterBackupRestoration (0ms)
Platform modules already initialized, skipping
Registering precompiled user dll's ...
Registered in 0.601927 seconds.
Begin MonoManager ReloadAssembly
Native extension for WindowsStandalone target not found
Native extension for WebGL target not found
Refreshing native plugins compatible for Editor in 40.71 ms, found 3 plugins.
Preloading 0 native plugins for Editor in 0.00 ms.
Mono: successfully reloaded assembly
- Completed reload, in  5.017 seconds
Domain Reload Profiling:
	ReloadAssembly (5019ms)
		BeginReloadAssembly (485ms)
			ExecutionOrderSort (0ms)
			DisableScriptedObjects (7ms)
			BackupInstance (0ms)
			ReleaseScriptingObjects (0ms)
			CreateAndSetChildDomain (20ms)
		EndReloadAssembly (4484ms)
			LoadAssemblies (2234ms)
			RebuildTransferFunctionScriptingTraits (0ms)
			SetupTypeCache (269ms)
			ReleaseScriptCaches (0ms)
			RebuildScriptCaches (48ms)
			SetupLoadedEditorAssemblies (2166ms)
				LogAssemblyErrors (0ms)
				InitializePlatformSupportModulesInManaged (4ms)
				SetLoadedEditorAssemblies (0ms)
				RefreshPlugins (41ms)
				BeforeProcessingInitializeOnLoad (61ms)
				ProcessInitializeOnLoadAttributes (1822ms)
				ProcessInitializeOnLoadMethodAttributes (235ms)
				AfterProcessingInitializeOnLoad (2ms)
				EditorAssembliesLoaded (0ms)
			ExecutionOrderSort2 (0ms)
			AwakeInstancesAfterBackupRestoration (7ms)
Platform modules already initialized, skipping
========================================================================
Worker process is ready to serve import requests
Launched and connected shader compiler UnityShaderCompiler.exe after 0.51 seconds
Refreshing native plugins compatible for Editor in 0.80 ms, found 3 plugins.
Preloading 0 native plugins for Editor in 0.00 ms.
Unloading 2350 Unused Serialized files (Serialized files now loaded: 0)
System memory in use before: 102.4 MB.
System memory in use after: 102.4 MB.

Unloading 32 unused Assets to reduce memory usage. Loaded Objects now: 2781.
Total: 6.067800 ms (FindLiveObjects: 0.531700 ms CreateObjectMapping: 0.686900 ms MarkObjects: 4.670700 ms  DeleteObjects: 0.175200 ms)

AssetImportParameters requested are different than current active one (requested -> active):
  custom:framework-win-MediaFoundation: 216162199b28c13a410421893ffa2e32 -> 
  custom:video-decoder-ogg-theora: a1e56fd34408186e4bbccfd4996cb3dc -> 
  custom:container-muxer-webm: aa71ff27fc2769a1b78a27578f13a17b -> 
  custom:container-demuxer-webm: 4f35f7cbe854078d1ac9338744f61a02 -> 
  custom:container-demuxer-ogg: 62fdf1f143b41e24485cea50d1cbac27 -> 
  custom:video-encoder-webm-vp8: eb34c28f22e8b96e1ab97ce403110664 -> 
  custom:video-codec-MediaFoundation-h265: 746d11721c4dcdbdad8f713fa42b33f4 -> 
  custom:video-decoder-webm-vp8: 9c59270c3fd7afecdb556c50c9e8de78 -> 
  custom:audio-decoder-ogg-vorbis: bf7c407c2cedff20999df2af8eb42d56 -> 
  custom:audio-encoder-webm-vorbis: bf7c407c2cedff20999df2af8eb42d56 -> 
========================================================================
Received Import Request.
  path: Assets/Scripts/fantasma_movement.cs
  artifactKey: Guid(98996955d49294540a0b11cfa91aedc2) Importer(815301076,1909f56bfc062723c751e8b465ee728b)
Start importing Assets/Scripts/fantasma_movement.cs using Guid(98996955d49294540a0b11cfa91aedc2) Importer(815301076,1909f56bfc062723c751e8b465ee728b)  -> (artifact id: '5ca1ba712d737248e304ab2a9f4b10ce') in 0.184795 seconds 
========================================================================
Received Prepare
Registering precompiled user dll's ...
Registered in 0.003180 seconds.
Begin MonoManager ReloadAssembly
Native extension for WindowsStandalone target not found
Native extension for WebGL target not found
Refreshing native plugins compatible for Editor in 0.57 ms, found 3 plugins.
Preloading 0 native plugins for Editor in 0.00 ms.
Mono: successfully reloaded assembly
- Completed reload, in  0.882 seconds
Domain Reload Profiling:
	ReloadAssembly (882ms)
		BeginReloadAssembly (123ms)
			ExecutionOrderSort (0ms)
			DisableScriptedObjects (5ms)
			BackupInstance (0ms)
			ReleaseScriptingObjects (0ms)
			CreateAndSetChildDomain (32ms)
		EndReloadAssembly (713ms)
			LoadAssemblies (113ms)
			RebuildTransferFunctionScriptingTraits (0ms)
			SetupTypeCache (252ms)
			ReleaseScriptCaches (1ms)
			RebuildScriptCaches (39ms)
			SetupLoadedEditorAssemblies (249ms)
				LogAssemblyErrors (0ms)
				InitializePlatformSupportModulesInManaged (5ms)
				SetLoadedEditorAssemblies (0ms)
				RefreshPlugins (1ms)
				BeforeProcessingInitializeOnLoad (49ms)
				ProcessInitializeOnLoadAttributes (183ms)
				ProcessInitializeOnLoadMethodAttributes (10ms)
				AfterProcessingInitializeOnLoad (2ms)
				EditorAssembliesLoaded (0ms)
			ExecutionOrderSort2 (0ms)
			AwakeInstancesAfterBackupRestoration (7ms)
Platform modules already initialized, skipping
Refreshing native plugins compatible for Editor in 0.63 ms, found 3 plugins.
Preloading 0 native plugins for Editor in 0.00 ms.
Unloading 2343 Unused Serialized files (Serialized files now loaded: 0)
System memory in use before: 102.3 MB.
System memory in use after: 102.3 MB.

Unloading 21 unused Assets to reduce memory usage. Loaded Objects now: 2784.
Total: 3.360800 ms (FindLiveObjects: 0.229700 ms CreateObjectMapping: 0.098000 ms MarkObjects: 2.911000 ms  DeleteObjects: 0.121400 ms)

AssetImportParameters requested are different than current active one (requested -> active):
  custom:framework-win-MediaFoundation: 216162199b28c13a410421893ffa2e32 -> 
  custom:video-decoder-ogg-theora: a1e56fd34408186e4bbccfd4996cb3dc -> 
  custom:container-muxer-webm: aa71ff27fc2769a1b78a27578f13a17b -> 
  custom:container-demuxer-webm: 4f35f7cbe854078d1ac9338744f61a02 -> 
  custom:container-demuxer-ogg: 62fdf1f143b41e24485cea50d1cbac27 -> 
  custom:video-encoder-webm-vp8: eb34c28f22e8b96e1ab97ce403110664 -> 
  custom:video-codec-MediaFoundation-h265: 746d11721c4dcdbdad8f713fa42b33f4 -> 
  custom:video-decoder-webm-vp8: 9c59270c3fd7afecdb556c50c9e8de78 -> 
  custom:audio-decoder-ogg-vorbis: bf7c407c2cedff20999df2af8eb42d56 -> 
  custom:audio-encoder-webm-vorbis: bf7c407c2cedff20999df2af8eb42d56 -> 
========================================================================
Received Import Request.
  Time since last request: 583.987149 seconds.
  path: Assets/Background layers/Layer_0000_9.png
  artifactKey: Guid(c71adeff68a5edb45bcae8b7d86bb25e) Importer(815301076,1909f56bfc062723c751e8b465ee728b)
Start importing Assets/Background layers/Layer_0000_9.png using Guid(c71adeff68a5edb45bcae8b7d86bb25e) Importer(815301076,1909f56bfc062723c751e8b465ee728b)  -> (artifact id: 'a7f986a51cf81086db3fa49f2d322022') in 0.857023 seconds 
========================================================================
Received Import Request.
  Time since last request: 0.000282 seconds.
  path: Assets/Background layers/Layer_0009_2.png
  artifactKey: Guid(880cc39e934dcb74e863138515f3b5e4) Importer(815301076,1909f56bfc062723c751e8b465ee728b)
Start importing Assets/Background layers/Layer_0009_2.png using Guid(880cc39e934dcb74e863138515f3b5e4) Importer(815301076,1909f56bfc062723c751e8b465ee728b)  -> (artifact id: '22f9f242f5b8a2863e8494adcd2cfe99') in 0.064484 seconds 
========================================================================
Received Import Request.
  Time since last request: 0.000354 seconds.
  path: Assets/Background layers/Layer_0011_0.png
  artifactKey: Guid(9dd5658ba5333a7419e941b204b466d3) Importer(815301076,1909f56bfc062723c751e8b465ee728b)
Start importing Assets/Background layers/Layer_0011_0.png using Guid(9dd5658ba5333a7419e941b204b466d3) Importer(815301076,1909f56bfc062723c751e8b465ee728b)  -> (artifact id: '357f4fa28351cb5f75b97e368fd3eaa1') in 0.088244 seconds 
========================================================================
Received Import Request.
  Time since last request: 0.000283 seconds.
  path: Assets/Background layers/Layer_0004_Lights.png
  artifactKey: Guid(c629f912537cfb845849d85ca6842280) Importer(815301076,1909f56bfc062723c751e8b465ee728b)
Start importing Assets/Background layers/Layer_0004_Lights.png using Guid(c629f912537cfb845849d85ca6842280) Importer(815301076,1909f56bfc062723c751e8b465ee728b)  -> (artifact id: '81fbed6ba962923e13cda35a65dfb8c1') in 0.106089 seconds 
========================================================================
Received Import Request.
  Time since last request: 0.000275 seconds.
  path: Assets/Background layers/Layer_0007_Lights.png
  artifactKey: Guid(2fccdd31a453f8f40ac567e188520d42) Importer(815301076,1909f56bfc062723c751e8b465ee728b)
Start importing Assets/Background layers/Layer_0007_Lights.png using Guid(2fccdd31a453f8f40ac567e188520d42) Importer(815301076,1909f56bfc062723c751e8b465ee728b)  -> (artifact id: 'a0e5a304bd75a58461dc2c371c83514a') in 0.043795 seconds 
========================================================================
Received Import Request.
  Time since last request: 0.000298 seconds.
  path: Assets/Background layers/Layer_0005_5.png
  artifactKey: Guid(9b9063e64cc6d0b49a945103de33319c) Importer(815301076,1909f56bfc062723c751e8b465ee728b)
Start importing Assets/Background layers/Layer_0005_5.png using Guid(9b9063e64cc6d0b49a945103de33319c) Importer(815301076,1909f56bfc062723c751e8b465ee728b)  -> (artifact id: 'e057a8f1716db0c3a78ffbfb44050851') in 0.077182 seconds 
========================================================================
Received Import Request.
  Time since last request: 0.000278 seconds.
  path: Assets/Background layers/Layer_0006_4.png
  artifactKey: Guid(81fd89faa77969041b73ce11e9537663) Importer(815301076,1909f56bfc062723c751e8b465ee728b)
Start importing Assets/Background layers/Layer_0006_4.png using Guid(81fd89faa77969041b73ce11e9537663) Importer(815301076,1909f56bfc062723c751e8b465ee728b)  -> (artifact id: '76b78bd81a0d2b83182d85acfd01792a') in 0.114501 seconds 
========================================================================
Received Import Request.
  Time since last request: 0.000342 seconds.
  path: Assets/Background layers/Layer_0008_3.png
  artifactKey: Guid(ded0847c66fc77b4fa4ed9a09ec6ff5b) Importer(815301076,1909f56bfc062723c751e8b465ee728b)
Start importing Assets/Background layers/Layer_0008_3.png using Guid(ded0847c66fc77b4fa4ed9a09ec6ff5b) Importer(815301076,1909f56bfc062723c751e8b465ee728b)  -> (artifact id: 'bfad985c91c926fd8d55223795bcef60') in 0.121362 seconds 
========================================================================
Received Import Request.
  Time since last request: 0.000287 seconds.
  path: Assets/Background layers/Layer_0003_6.png
  artifactKey: Guid(4ce2804cd3ce2dc4d8777125885e3e44) Importer(815301076,1909f56bfc062723c751e8b465ee728b)
Start importing Assets/Background layers/Layer_0003_6.png using Guid(4ce2804cd3ce2dc4d8777125885e3e44) Importer(815301076,1909f56bfc062723c751e8b465ee728b)  -> (artifact id: '32a1c3f726dfec3b5301d4d91e0fc580') in 0.074119 seconds 
========================================================================
Received Import Request.
  Time since last request: 0.000295 seconds.
  path: Assets/Background layers/Layer_0002_7.png
  artifactKey: Guid(f555cca3d55658548b1e1e1d617d98ab) Importer(815301076,1909f56bfc062723c751e8b465ee728b)
Start importing Assets/Background layers/Layer_0002_7.png using Guid(f555cca3d55658548b1e1e1d617d98ab) Importer(815301076,1909f56bfc062723c751e8b465ee728b)  -> (artifact id: 'dfcbe9e24763b153ce93091822086eac') in 0.092245 seconds 
========================================================================
Received Import Request.
  Time since last request: 0.000331 seconds.
  path: Assets/Background layers/Layer_0010_1.png
  artifactKey: Guid(fe1b85d5d4c562341b394fc7b66dc743) Importer(815301076,1909f56bfc062723c751e8b465ee728b)
Start importing Assets/Background layers/Layer_0010_1.png using Guid(fe1b85d5d4c562341b394fc7b66dc743) Importer(815301076,1909f56bfc062723c751e8b465ee728b)  -> (artifact id: '6dcb6627840f43e45c829322bd00f85b') in 0.095868 seconds 
========================================================================
Received Import Request.
  Time since last request: 0.000258 seconds.
  path: Assets/Background layers/Layer_0001_8.png
  artifactKey: Guid(32f3109f0c2c868429bb20d8a6bec446) Importer(815301076,1909f56bfc062723c751e8b465ee728b)
Start importing Assets/Background layers/Layer_0001_8.png using Guid(32f3109f0c2c868429bb20d8a6bec446) Importer(815301076,1909f56bfc062723c751e8b465ee728b)  -> (artifact id: 'acd7e1049f89125d64281aaecc6fe4bd') in 0.060364 seconds 
========================================================================
Received Import Request.
  Time since last request: 0.305615 seconds.
  path: Assets/Palette/Palette.prefab
  artifactKey: Guid(407e0046dbaedba4f9ee7f8f790d91e4) Importer(815301076,1909f56bfc062723c751e8b465ee728b)
Start importing Assets/Palette/Palette.prefab using Guid(407e0046dbaedba4f9ee7f8f790d91e4) Importer(815301076,1909f56bfc062723c751e8b465ee728b)  -> (artifact id: '4d8ea03a54550a8d9f70c96f3f100046') in 0.364140 seconds 
========================================================================
Received Import Request.
  Time since last request: 0.000407 seconds.
  path: Assets/Palette/tiles_spritesheet_32.asset
  artifactKey: Guid(e1b78b7db55ae7544b67655c335a697f) Importer(815301076,1909f56bfc062723c751e8b465ee728b)
Start importing Assets/Palette/tiles_spritesheet_32.asset using Guid(e1b78b7db55ae7544b67655c335a697f) Importer(815301076,1909f56bfc062723c751e8b465ee728b)  -> (artifact id: '4ad1bae37dd0713c074650938610efb6') in 0.069932 seconds 
========================================================================
Received Import Request.
  Time since last request: 0.000269 seconds.
  path: Assets/Palette/tiles_spritesheet_34.asset
  artifactKey: Guid(6cd95fa44750c0840bc611425c7d1312) Importer(815301076,1909f56bfc062723c751e8b465ee728b)
Start importing Assets/Palette/tiles_spritesheet_34.asset using Guid(6cd95fa44750c0840bc611425c7d1312) Importer(815301076,1909f56bfc062723c751e8b465ee728b)  -> (artifact id: '668b5ffb7b8c882182f174ce93bd8977') in 0.017262 seconds 
========================================================================
Received Import Request.
  Time since last request: 0.000266 seconds.
  path: Assets/Palette/tiles_spritesheet_15.asset
  artifactKey: Guid(d2bf87889f072af4da27ca853f72f65d) Importer(815301076,1909f56bfc062723c751e8b465ee728b)
Start importing Assets/Palette/tiles_spritesheet_15.asset using Guid(d2bf87889f072af4da27ca853f72f65d) Importer(815301076,1909f56bfc062723c751e8b465ee728b)  -> (artifact id: '9794563703546177f94db317df12e039') in 0.012352 seconds 
========================================================================
Received Import Request.
  Time since last request: 0.000484 seconds.
  path: Assets/Palette/tiles_spritesheet_7.asset
  artifactKey: Guid(cb6407384593fe84b9ca3a5aa46a7281) Importer(815301076,1909f56bfc062723c751e8b465ee728b)
Start importing Assets/Palette/tiles_spritesheet_7.asset using Guid(cb6407384593fe84b9ca3a5aa46a7281) Importer(815301076,1909f56bfc062723c751e8b465ee728b)  -> (artifact id: 'a0fbacd9599b74da3008b0137eaf2648') in 0.022959 seconds 
========================================================================
Received Import Request.
  Time since last request: 0.000403 seconds.
  path: Assets/Palette/tiles_spritesheet_9.asset
  artifactKey: Guid(e390c49b5840f4d4d954f46d73f5d81f) Importer(815301076,1909f56bfc062723c751e8b465ee728b)
Start importing Assets/Palette/tiles_spritesheet_9.asset using Guid(e390c49b5840f4d4d954f46d73f5d81f) Importer(815301076,1909f56bfc062723c751e8b465ee728b)  -> (artifact id: '1cc388018af8ce00fc6cfb2da6c14829') in 0.018797 seconds 
========================================================================
Received Import Request.
  Time since last request: 0.000546 seconds.
  path: Assets/Palette/tiles_spritesheet_21.asset
  artifactKey: Guid(7172466165cc68846880a23de397b3f4) Importer(815301076,1909f56bfc062723c751e8b465ee728b)
Start importing Assets/Palette/tiles_spritesheet_21.asset using Guid(7172466165cc68846880a23de397b3f4) Importer(815301076,1909f56bfc062723c751e8b465ee728b)  -> (artifact id: '74ee052965bca178c9a5543d8a9bfe6b') in 0.022155 seconds 
========================================================================
Received Import Request.
  Time since last request: 0.000441 seconds.
  path: Assets/Palette/tiles_spritesheet_36.asset
  artifactKey: Guid(3b5e77f243787e846ad4bcd4beb41ff8) Importer(815301076,1909f56bfc062723c751e8b465ee728b)
Start importing Assets/Palette/tiles_spritesheet_36.asset using Guid(3b5e77f243787e846ad4bcd4beb41ff8) Importer(815301076,1909f56bfc062723c751e8b465ee728b)  -> (artifact id: '1f2b43ae2c74c2a1616b820d19e85860') in 0.022013 seconds 
========================================================================
Received Import Request.
  Time since last request: 0.000561 seconds.
  path: Assets/Palette/tiles_spritesheet_22.asset
  artifactKey: Guid(13dcaa1ab3ca8504fa70fbbb2030779b) Importer(815301076,1909f56bfc062723c751e8b465ee728b)
Start importing Assets/Palette/tiles_spritesheet_22.asset using Guid(13dcaa1ab3ca8504fa70fbbb2030779b) Importer(815301076,1909f56bfc062723c751e8b465ee728b)  -> (artifact id: 'd2f1a300a6447b0137dbf13db94b98ef') in 0.017781 seconds 
========================================================================
Received Import Request.
  Time since last request: 0.000670 seconds.
  path: Assets/Palette/tiles_spritesheet_39.asset
  artifactKey: Guid(3c94f5c1c965e064f95d5b37635e4912) Importer(815301076,1909f56bfc062723c751e8b465ee728b)
Start importing Assets/Palette/tiles_spritesheet_39.asset using Guid(3c94f5c1c965e064f95d5b37635e4912) Importer(815301076,1909f56bfc062723c751e8b465ee728b)  -> (artifact id: '143ae9143778c9976a0833170afa6a24') in 0.020993 seconds 
========================================================================
Received Import Request.
  Time since last request: 0.000275 seconds.
  path: Assets/Palette/tiles_spritesheet_20.asset
  artifactKey: Guid(c8983769c66bc12438879afc56a8db88) Importer(815301076,1909f56bfc062723c751e8b465ee728b)
Start importing Assets/Palette/tiles_spritesheet_20.asset using Guid(c8983769c66bc12438879afc56a8db88) Importer(815301076,1909f56bfc062723c751e8b465ee728b)  -> (artifact id: '7bdab2d40bebf26e9e06c0a1f39aad01') in 0.023791 seconds 
========================================================================
Received Import Request.
  Time since last request: 0.000329 seconds.
  path: Assets/Palette/tiles_spritesheet_4.asset
  artifactKey: Guid(9c5a4030b6dcf6a439913fe703753a16) Importer(815301076,1909f56bfc062723c751e8b465ee728b)
Start importing Assets/Palette/tiles_spritesheet_4.asset using Guid(9c5a4030b6dcf6a439913fe703753a16) Importer(815301076,1909f56bfc062723c751e8b465ee728b)  -> (artifact id: '0656b2bfb9b477e0d93fbbc146e098a5') in 0.021158 seconds 
========================================================================
Received Import Request.
  Time since last request: 0.000299 seconds.
  path: Assets/Palette/tiles_spritesheet_13.asset
  artifactKey: Guid(2d7a14460d7f56d49b460b638c86d80b) Importer(815301076,1909f56bfc062723c751e8b465ee728b)
Start importing Assets/Palette/tiles_spritesheet_13.asset using Guid(2d7a14460d7f56d49b460b638c86d80b) Importer(815301076,1909f56bfc062723c751e8b465ee728b)  -> (artifact id: '020a3a4570da9492ca0750e7da6b186d') in 0.017309 seconds 
========================================================================
Received Import Request.
  Time since last request: 0.000379 seconds.
  path: Assets/Palette/tiles_spritesheet_40.asset
  artifactKey: Guid(253e2b3dd79f48745b3636e502abdb1e) Importer(815301076,1909f56bfc062723c751e8b465ee728b)
Start importing Assets/Palette/tiles_spritesheet_40.asset using Guid(253e2b3dd79f48745b3636e502abdb1e) Importer(815301076,1909f56bfc062723c751e8b465ee728b)  -> (artifact id: '92b9c18d42ee1b223cf2379b04968615') in 0.019838 seconds 
========================================================================
Received Import Request.
  Time since last request: 0.000592 seconds.
  path: Assets/Palette/tiles_spritesheet_37.asset
  artifactKey: Guid(cd17ce2a21e73e3468bb58e544eeb939) Importer(815301076,1909f56bfc062723c751e8b465ee728b)
Start importing Assets/Palette/tiles_spritesheet_37.asset using Guid(cd17ce2a21e73e3468bb58e544eeb939) Importer(815301076,1909f56bfc062723c751e8b465ee728b)  -> (artifact id: '3a43e9ff114822f06a837073dd421545') in 0.021430 seconds 
========================================================================
Received Import Request.
  Time since last request: 0.000804 seconds.
  path: Assets/Palette/tiles_spritesheet_24.asset
  artifactKey: Guid(f84bcfeeb85352440a3da90d13e04ea0) Importer(815301076,1909f56bfc062723c751e8b465ee728b)
Start importing Assets/Palette/tiles_spritesheet_24.asset using Guid(f84bcfeeb85352440a3da90d13e04ea0) Importer(815301076,1909f56bfc062723c751e8b465ee728b)  -> (artifact id: '53a2ebed842b41aed5752f58a0eb87a7') in 0.020812 seconds 
========================================================================
Received Import Request.
  Time since last request: 0.000467 seconds.
  path: Assets/Palette/tiles_spritesheet_41.asset
  artifactKey: Guid(d22bdb1ad751e2340904d7120c339de1) Importer(815301076,1909f56bfc062723c751e8b465ee728b)
Start importing Assets/Palette/tiles_spritesheet_41.asset using Guid(d22bdb1ad751e2340904d7120c339de1) Importer(815301076,1909f56bfc062723c751e8b465ee728b)  -> (artifact id: 'a1965a031eb29663de49ba841379702f') in 0.030146 seconds 
========================================================================
Received Import Request.
  Time since last request: 0.000204 seconds.
  path: Assets/Palette/tiles_spritesheet_25.asset
  artifactKey: Guid(e435b8db7d6d1da4eb4f30c1e16f10b9) Importer(815301076,1909f56bfc062723c751e8b465ee728b)
Start importing Assets/Palette/tiles_spritesheet_25.asset using Guid(e435b8db7d6d1da4eb4f30c1e16f10b9) Importer(815301076,1909f56bfc062723c751e8b465ee728b)  -> (artifact id: '24f831c233235e80027cb72b85e0c5c3') in 0.016114 seconds 
========================================================================
Received Import Request.
  Time since last request: 0.000359 seconds.
  path: Assets/Palette/tiles_spritesheet_47.asset
  artifactKey: Guid(851ad552f2f3e0a42a5d029238d72391) Importer(815301076,1909f56bfc062723c751e8b465ee728b)
Start importing Assets/Palette/tiles_spritesheet_47.asset using Guid(851ad552f2f3e0a42a5d029238d72391) Importer(815301076,1909f56bfc062723c751e8b465ee728b)  -> (artifact id: '858234e6f45bb757dcf9bb4d69e9301f') in 0.025113 seconds 
========================================================================
Received Import Request.
  Time since last request: 0.000298 seconds.
  path: Assets/Palette/tiles_spritesheet_42.asset
  artifactKey: Guid(986b2f72a790ce3408107cc270a45032) Importer(815301076,1909f56bfc062723c751e8b465ee728b)
Start importing Assets/Palette/tiles_spritesheet_42.asset using Guid(986b2f72a790ce3408107cc270a45032) Importer(815301076,1909f56bfc062723c751e8b465ee728b)  -> (artifact id: '2ab0b60b59e9b9b63074b21862c0cbf5') in 0.024127 seconds 
========================================================================
Received Import Request.
  Time since last request: 0.000220 seconds.
  path: Assets/Palette/tiles_spritesheet_28.asset
  artifactKey: Guid(fbdf107e7772e294b95579861276b06c) Importer(815301076,1909f56bfc062723c751e8b465ee728b)
Start importing Assets/Palette/tiles_spritesheet_28.asset using Guid(fbdf107e7772e294b95579861276b06c) Importer(815301076,1909f56bfc062723c751e8b465ee728b)  -> (artifact id: '8ff114a45342fbca38f23419805cd7c7') in 0.023037 seconds 
========================================================================
Received Import Request.
  Time since last request: 0.000247 seconds.
  path: Assets/Palette/tiles_spritesheet_1.asset
  artifactKey: Guid(33c4e315f11b3be4e8dcbc48c28dcc23) Importer(815301076,1909f56bfc062723c751e8b465ee728b)
Start importing Assets/Palette/tiles_spritesheet_1.asset using Guid(33c4e315f11b3be4e8dcbc48c28dcc23) Importer(815301076,1909f56bfc062723c751e8b465ee728b)  -> (artifact id: '3983948416b14701a7f675ead8c7027d') in 0.020390 seconds 
========================================================================
Received Import Request.
  Time since last request: 0.000414 seconds.
  path: Assets/Palette/tiles_spritesheet_8.asset
  artifactKey: Guid(030fb0b09e5bdd043b1bf6063a948920) Importer(815301076,1909f56bfc062723c751e8b465ee728b)
Start importing Assets/Palette/tiles_spritesheet_8.asset using Guid(030fb0b09e5bdd043b1bf6063a948920) Importer(815301076,1909f56bfc062723c751e8b465ee728b)  -> (artifact id: '06476b9a0ad6b1591305493564209e13') in 0.016599 seconds 
========================================================================
Received Import Request.
  Time since last request: 0.000463 seconds.
  path: Assets/Palette/tiles_spritesheet_44.asset
  artifactKey: Guid(48e1c2b59f598a74ca3a315c97d5ad69) Importer(815301076,1909f56bfc062723c751e8b465ee728b)
Start importing Assets/Palette/tiles_spritesheet_44.asset using Guid(48e1c2b59f598a74ca3a315c97d5ad69) Importer(815301076,1909f56bfc062723c751e8b465ee728b)  -> (artifact id: '6125487cf1a7352e75d46bc01136bec8') in 0.022117 seconds 
========================================================================
Received Import Request.
  Time since last request: 0.000270 seconds.
  path: Assets/Palette/tiles_spritesheet_23.asset
  artifactKey: Guid(4bd91b9050299c043af3f99c41a7e411) Importer(815301076,1909f56bfc062723c751e8b465ee728b)
Start importing Assets/Palette/tiles_spritesheet_23.asset using Guid(4bd91b9050299c043af3f99c41a7e411) Importer(815301076,1909f56bfc062723c751e8b465ee728b)  -> (artifact id: 'd961146e2d265ba42f9f16082606aa06') in 0.021156 seconds 
========================================================================
Received Import Request.
  Time since last request: 0.000656 seconds.
  path: Assets/Palette/tiles_spritesheet_5.asset
  artifactKey: Guid(0aa5b321bf5e3d649ac9a8c1f2057f8a) Importer(815301076,1909f56bfc062723c751e8b465ee728b)
Start importing Assets/Palette/tiles_spritesheet_5.asset using Guid(0aa5b321bf5e3d649ac9a8c1f2057f8a) Importer(815301076,1909f56bfc062723c751e8b465ee728b)  -> (artifact id: '1010968e6cce63572e44665286cbf180') in 0.029237 seconds 
========================================================================
Received Import Request.
  Time since last request: 0.000353 seconds.
  path: Assets/Palette/tiles_spritesheet_19.asset
  artifactKey: Guid(834e7a5bebdfab54e9bb6d1189ee3250) Importer(815301076,1909f56bfc062723c751e8b465ee728b)
Start importing Assets/Palette/tiles_spritesheet_19.asset using Guid(834e7a5bebdfab54e9bb6d1189ee3250) Importer(815301076,1909f56bfc062723c751e8b465ee728b)  -> (artifact id: '00380e0cad3dbb52148d19f3447593f2') in 0.024397 seconds 
========================================================================
Received Import Request.
  Time since last request: 0.000331 seconds.
  path: Assets/Palette/tiles_spritesheet_33.asset
  artifactKey: Guid(eb9501e05eb7b9a46806e4e0f6ac5596) Importer(815301076,1909f56bfc062723c751e8b465ee728b)
Start importing Assets/Palette/tiles_spritesheet_33.asset using Guid(eb9501e05eb7b9a46806e4e0f6ac5596) Importer(815301076,1909f56bfc062723c751e8b465ee728b)  -> (artifact id: 'f893f9e1cc87cd57bb06a067db3551a8') in 0.022701 seconds 
========================================================================
Received Import Request.
  Time since last request: 0.000294 seconds.
  path: Assets/Palette/tiles_spritesheet_17.asset
  artifactKey: Guid(89b751544f2b5fc4b9f203a6c57f5b4f) Importer(815301076,1909f56bfc062723c751e8b465ee728b)
Start importing Assets/Palette/tiles_spritesheet_17.asset using Guid(89b751544f2b5fc4b9f203a6c57f5b4f) Importer(815301076,1909f56bfc062723c751e8b465ee728b)  -> (artifact id: '71ca43e1739c4c7fd30ed4ef26b7a9f3') in 0.023083 seconds 
========================================================================
Received Import Request.
  Time since last request: 0.000204 seconds.
  path: Assets/Palette/tiles_spritesheet_11.asset
  artifactKey: Guid(c801b1a0c2bb7714585af23ae6ef7437) Importer(815301076,1909f56bfc062723c751e8b465ee728b)
Start importing Assets/Palette/tiles_spritesheet_11.asset using Guid(c801b1a0c2bb7714585af23ae6ef7437) Importer(815301076,1909f56bfc062723c751e8b465ee728b)  -> (artifact id: '817ad3753c893eda7f4a1dc9acc91bf9') in 0.020152 seconds 
========================================================================
Received Import Request.
  Time since last request: 0.000256 seconds.
  path: Assets/Palette/tiles_spritesheet_48.asset
  artifactKey: Guid(f44c068c0bbe5724693367328c148e47) Importer(815301076,1909f56bfc062723c751e8b465ee728b)
Start importing Assets/Palette/tiles_spritesheet_48.asset using Guid(f44c068c0bbe5724693367328c148e47) Importer(815301076,1909f56bfc062723c751e8b465ee728b)  -> (artifact id: '405cd1d77579a3198d84d848aca08733') in 0.020826 seconds 
========================================================================
Received Import Request.
  Time since last request: 0.000304 seconds.
  path: Assets/Palette/tiles_spritesheet_27.asset
  artifactKey: Guid(1e7bafe916fc10c4f85d8e4d9fbc76b9) Importer(815301076,1909f56bfc062723c751e8b465ee728b)
Start importing Assets/Palette/tiles_spritesheet_27.asset using Guid(1e7bafe916fc10c4f85d8e4d9fbc76b9) Importer(815301076,1909f56bfc062723c751e8b465ee728b)  -> (artifact id: '0c20cf99f623c7d3f88ae8c7a3942f81') in 0.018162 seconds 
========================================================================
Received Import Request.
  Time since last request: 0.000531 seconds.
  path: Assets/Palette/tiles_spritesheet_0.asset
  artifactKey: Guid(b8be762d67566da4a971cedc3b0d2e1a) Importer(815301076,1909f56bfc062723c751e8b465ee728b)
Start importing Assets/Palette/tiles_spritesheet_0.asset using Guid(b8be762d67566da4a971cedc3b0d2e1a) Importer(815301076,1909f56bfc062723c751e8b465ee728b)  -> (artifact id: '5d5c04865fd9a35a8ab8a60875116c51') in 0.016685 seconds 
========================================================================
Received Import Request.
  Time since last request: 0.000409 seconds.
  path: Assets/Palette/tiles_spritesheet_45.asset
  artifactKey: Guid(7f2ec63eb64d8e142ab8d3553a5009a1) Importer(815301076,1909f56bfc062723c751e8b465ee728b)
Start importing Assets/Palette/tiles_spritesheet_45.asset using Guid(7f2ec63eb64d8e142ab8d3553a5009a1) Importer(815301076,1909f56bfc062723c751e8b465ee728b)  -> (artifact id: '1bfcf971abc7613b647364b099b15903') in 0.022128 seconds 
========================================================================
Received Import Request.
  Time since last request: 0.000677 seconds.
  path: Assets/Palette/tiles_spritesheet_2.asset
  artifactKey: Guid(acfc8648c5a6030488e54b92a88a673a) Importer(815301076,1909f56bfc062723c751e8b465ee728b)
Start importing Assets/Palette/tiles_spritesheet_2.asset using Guid(acfc8648c5a6030488e54b92a88a673a) Importer(815301076,1909f56bfc062723c751e8b465ee728b)  -> (artifact id: 'd75e16d3eb39d3b8f2e3a4c80457c618') in 0.020770 seconds 
========================================================================
Received Import Request.
  Time since last request: 0.000373 seconds.
  path: Assets/Palette/tiles_spritesheet_35.asset
  artifactKey: Guid(7928a408c5effc14c947fcff60ba9ed8) Importer(815301076,1909f56bfc062723c751e8b465ee728b)
Start importing Assets/Palette/tiles_spritesheet_35.asset using Guid(7928a408c5effc14c947fcff60ba9ed8) Importer(815301076,1909f56bfc062723c751e8b465ee728b)  -> (artifact id: '5b70197fb900e4c6146c5014fc3beb54') in 0.027540 seconds 
========================================================================
Received Import Request.
  Time since last request: 0.000222 seconds.
  path: Assets/Palette/tiles_spritesheet_26.asset
  artifactKey: Guid(a9523fc877f740547b1889d1f9df6174) Importer(815301076,1909f56bfc062723c751e8b465ee728b)
Start importing Assets/Palette/tiles_spritesheet_26.asset using Guid(a9523fc877f740547b1889d1f9df6174) Importer(815301076,1909f56bfc062723c751e8b465ee728b)  -> (artifact id: '29fc5f35d25882db0060364f5cf32a4c') in 0.021733 seconds 
========================================================================
Received Import Request.
  Time since last request: 0.000259 seconds.
  path: Assets/Palette/tiles_spritesheet_10.asset
  artifactKey: Guid(05388491742276946b92b949b1f20cab) Importer(815301076,1909f56bfc062723c751e8b465ee728b)
Start importing Assets/Palette/tiles_spritesheet_10.asset using Guid(05388491742276946b92b949b1f20cab) Importer(815301076,1909f56bfc062723c751e8b465ee728b)  -> (artifact id: '454885f59e100b3d0fa4c0e2b8b2ed36') in 0.018600 seconds 
========================================================================
Received Import Request.
  Time since last request: 0.000323 seconds.
  path: Assets/Palette/tiles_spritesheet_43.asset
  artifactKey: Guid(7143afc9547b83945a3227d44528ad42) Importer(815301076,1909f56bfc062723c751e8b465ee728b)
Start importing Assets/Palette/tiles_spritesheet_43.asset using Guid(7143afc9547b83945a3227d44528ad42) Importer(815301076,1909f56bfc062723c751e8b465ee728b)  -> (artifact id: '844a7e8d9c9ea8990429d6c9dbc98671') in 0.015147 seconds 
========================================================================
Received Import Request.
  Time since last request: 0.000287 seconds.
  path: Assets/Palette/tiles_spritesheet_16.asset
  artifactKey: Guid(17fff7e09cc7b5b4984eda0c8268d5ca) Importer(815301076,1909f56bfc062723c751e8b465ee728b)
Start importing Assets/Palette/tiles_spritesheet_16.asset using Guid(17fff7e09cc7b5b4984eda0c8268d5ca) Importer(815301076,1909f56bfc062723c751e8b465ee728b)  -> (artifact id: 'cf81d4e28a218734a829748c9f179216') in 0.021522 seconds 
========================================================================
Received Import Request.
  Time since last request: 0.000282 seconds.
  path: Assets/Palette/tiles_spritesheet_29.asset
  artifactKey: Guid(acf7e48c39b941a41997fabe3665feeb) Importer(815301076,1909f56bfc062723c751e8b465ee728b)
Start importing Assets/Palette/tiles_spritesheet_29.asset using Guid(acf7e48c39b941a41997fabe3665feeb) Importer(815301076,1909f56bfc062723c751e8b465ee728b)  -> (artifact id: '0c7e948e16cc812b11b355416fb1fd6c') in 0.019101 seconds 
========================================================================
Received Import Request.
  Time since last request: 0.000275 seconds.
  path: Assets/Palette/tiles_spritesheet_3.asset
  artifactKey: Guid(af7044db0d0bd5447a38b506ee51d2e9) Importer(815301076,1909f56bfc062723c751e8b465ee728b)
Start importing Assets/Palette/tiles_spritesheet_3.asset using Guid(af7044db0d0bd5447a38b506ee51d2e9) Importer(815301076,1909f56bfc062723c751e8b465ee728b)  -> (artifact id: 'ae3b0a1fdfd0a5bb99dbca48fc903593') in 0.037380 seconds 
========================================================================
Received Import Request.
  Time since last request: 0.000339 seconds.
  path: Assets/Palette/tiles_spritesheet_38.asset
  artifactKey: Guid(0ba2ec4f0a4579e479a5e6893422efac) Importer(815301076,1909f56bfc062723c751e8b465ee728b)
Start importing Assets/Palette/tiles_spritesheet_38.asset using Guid(0ba2ec4f0a4579e479a5e6893422efac) Importer(815301076,1909f56bfc062723c751e8b465ee728b)  -> (artifact id: '88a5a65e55b3a8e33c65f664b07eaac2') in 0.023659 seconds 
========================================================================
Received Import Request.
  Time since last request: 0.000273 seconds.
  path: Assets/Palette/tiles_spritesheet_6.asset
  artifactKey: Guid(31f8f1047dfd1e24d90b198816a88a13) Importer(815301076,1909f56bfc062723c751e8b465ee728b)
Start importing Assets/Palette/tiles_spritesheet_6.asset using Guid(31f8f1047dfd1e24d90b198816a88a13) Importer(815301076,1909f56bfc062723c751e8b465ee728b)  -> (artifact id: '9e1835c8da230ed3b1e8ecb14c6218b6') in 0.018582 seconds 
========================================================================
Received Import Request.
  Time since last request: 0.000367 seconds.
  path: Assets/Palette/tiles_spritesheet_31.asset
  artifactKey: Guid(cd47cd8d9d2e1294bb660ab04e6b31dd) Importer(815301076,1909f56bfc062723c751e8b465ee728b)
Start importing Assets/Palette/tiles_spritesheet_31.asset using Guid(cd47cd8d9d2e1294bb660ab04e6b31dd) Importer(815301076,1909f56bfc062723c751e8b465ee728b)  -> (artifact id: '87677e21cd36b874d02f9107ce7f051e') in 0.018152 seconds 
========================================================================
Received Import Request.
  Time since last request: 0.000441 seconds.
  path: Assets/Palette/tiles_spritesheet_30.asset
  artifactKey: Guid(a1c759347828db747a33039b6c6f4679) Importer(815301076,1909f56bfc062723c751e8b465ee728b)
Start importing Assets/Palette/tiles_spritesheet_30.asset using Guid(a1c759347828db747a33039b6c6f4679) Importer(815301076,1909f56bfc062723c751e8b465ee728b)  -> (artifact id: 'cc49e922db518df6b9afe6f8d845b36c') in 0.020644 seconds 
========================================================================
Received Import Request.
  Time since last request: 0.000229 seconds.
  path: Assets/Palette/tiles_spritesheet_14.asset
  artifactKey: Guid(7a41550da1f76024ebae0d94077006cb) Importer(815301076,1909f56bfc062723c751e8b465ee728b)
Start importing Assets/Palette/tiles_spritesheet_14.asset using Guid(7a41550da1f76024ebae0d94077006cb) Importer(815301076,1909f56bfc062723c751e8b465ee728b)  -> (artifact id: 'cc27e51e4f212e6741415622b2f9d1ce') in 0.024600 seconds 
========================================================================
Received Import Request.
  Time since last request: 0.000250 seconds.
  path: Assets/Palette/tiles_spritesheet_46.asset
  artifactKey: Guid(59afdc0255ffef64bbbc87bb9f4eb4b3) Importer(815301076,1909f56bfc062723c751e8b465ee728b)
Start importing Assets/Palette/tiles_spritesheet_46.asset using Guid(59afdc0255ffef64bbbc87bb9f4eb4b3) Importer(815301076,1909f56bfc062723c751e8b465ee728b)  -> (artifact id: '742e92791c1e8e0f6be89f3e7a320bd7') in 0.019125 seconds 
========================================================================
Received Import Request.
  Time since last request: 0.000313 seconds.
  path: Assets/Palette/tiles_spritesheet_18.asset
  artifactKey: Guid(c26e1b8e3d8299045b76c41bdd407bd2) Importer(815301076,1909f56bfc062723c751e8b465ee728b)
Start importing Assets/Palette/tiles_spritesheet_18.asset using Guid(c26e1b8e3d8299045b76c41bdd407bd2) Importer(815301076,1909f56bfc062723c751e8b465ee728b)  -> (artifact id: 'e24238c6d3eaebaba3c07a619b8bcc42') in 0.022552 seconds 
========================================================================
Received Import Request.
  Time since last request: 3.239793 seconds.
  path: Assets/SpriteSheets/tiles_spritesheet.png
  artifactKey: Guid(877f27e1747537c41830d81fed2f6c22) Importer(815301076,1909f56bfc062723c751e8b465ee728b)
Start importing Assets/SpriteSheets/tiles_spritesheet.png using Guid(877f27e1747537c41830d81fed2f6c22) Importer(815301076,1909f56bfc062723c751e8b465ee728b)  -> (artifact id: 'ddaa8a3da720841cc3430a378378541b') in 0.350131 seconds 
========================================================================
Received Import Request.
  Time since last request: 2.419993 seconds.
  path: Assets/SpriteSheets/fx
  artifactKey: Guid(25d4f5320a2978047ba21e40f08b9206) Importer(815301076,1909f56bfc062723c751e8b465ee728b)
Start importing Assets/SpriteSheets/fx using Guid(25d4f5320a2978047ba21e40f08b9206) Importer(815301076,1909f56bfc062723c751e8b465ee728b)  -> (artifact id: '3e32045cd81bcf53fc7fed2c3e866cb9') in 0.008779 seconds 
========================================================================
Received Import Request.
  Time since last request: 0.000779 seconds.
  path: Assets/SpriteSheets/fx/particles_explosion.png
  artifactKey: Guid(77cc76c64907a4640b69c4f996226b1c) Importer(815301076,1909f56bfc062723c751e8b465ee728b)
Start importing Assets/SpriteSheets/fx/particles_explosion.png using Guid(77cc76c64907a4640b69c4f996226b1c) Importer(815301076,1909f56bfc062723c751e8b465ee728b)  -> (artifact id: 'b777005ff477cbc70935de575713e55f') in 0.133600 seconds 
========================================================================
Received Import Request.
  Time since last request: 0.000304 seconds.
  path: Assets/SpriteSheets/fx/particles_grunt.png
  artifactKey: Guid(843d14bf3891c7d4492811fba2495ec1) Importer(815301076,1909f56bfc062723c751e8b465ee728b)
Start importing Assets/SpriteSheets/fx/particles_grunt.png using Guid(843d14bf3891c7d4492811fba2495ec1) Importer(815301076,1909f56bfc062723c751e8b465ee728b)  -> (artifact id: '73572459deb3c3822497b7071f3de579') in 0.043279 seconds 
========================================================================
Received Import Request.
  Time since last request: 0.000288 seconds.
  path: Assets/SpriteSheets/fx/explosion_red.png
  artifactKey: Guid(93187775cc26de1408867cfba97ab273) Importer(815301076,1909f56bfc062723c751e8b465ee728b)
Start importing Assets/SpriteSheets/fx/explosion_red.png using Guid(93187775cc26de1408867cfba97ab273) Importer(815301076,1909f56bfc062723c751e8b465ee728b)  -> (artifact id: '298b848d687633ce5420bd431bad7cf4') in 0.113335 seconds 
========================================================================
Received Import Request.
  Time since last request: 0.000241 seconds.
  path: Assets/SpriteSheets/fx/shadow_char.png
  artifactKey: Guid(c169442cc72d87f409ddda12a60c5a29) Importer(815301076,1909f56bfc062723c751e8b465ee728b)
Start importing Assets/SpriteSheets/fx/shadow_char.png using Guid(c169442cc72d87f409ddda12a60c5a29) Importer(815301076,1909f56bfc062723c751e8b465ee728b)  -> (artifact id: 'ae05cf524077787d6e691c07a0cee2b2') in 0.112863 seconds 
========================================================================
Received Import Request.
  Time since last request: 0.000411 seconds.
  path: Assets/SpriteSheets/fx/particles_turret.png
  artifactKey: Guid(89f3b3ca5ab6223428a383f3200694ec) Importer(815301076,1909f56bfc062723c751e8b465ee728b)
Start importing Assets/SpriteSheets/fx/particles_turret.png using Guid(89f3b3ca5ab6223428a383f3200694ec) Importer(815301076,1909f56bfc062723c751e8b465ee728b)  -> (artifact id: '747c0d783a1b991e4a9d4f76eec3a329') in 0.068128 seconds 
========================================================================
Received Import Request.
  Time since last request: 0.000264 seconds.
  path: Assets/SpriteSheets/fx/bullet_impact.png
  artifactKey: Guid(b04d2dcaec1a00441ac3dc9db84093b8) Importer(815301076,1909f56bfc062723c751e8b465ee728b)
Start importing Assets/SpriteSheets/fx/bullet_impact.png using Guid(b04d2dcaec1a00441ac3dc9db84093b8) Importer(815301076,1909f56bfc062723c751e8b465ee728b)  -> (artifact id: '17d81a906663d289c0bc86bd64604ba0') in 0.039765 seconds 
========================================================================
Received Import Request.
  Time since last request: 0.000210 seconds.
  path: Assets/SpriteSheets/fx/particles_dirt.png
  artifactKey: Guid(4230e03b88d0f6f46bc8a9dc2d0fcf44) Importer(815301076,1909f56bfc062723c751e8b465ee728b)
Start importing Assets/SpriteSheets/fx/particles_dirt.png using Guid(4230e03b88d0f6f46bc8a9dc2d0fcf44) Importer(815301076,1909f56bfc062723c751e8b465ee728b)  -> (artifact id: 'ca3b49879768c28f4599ece732c4c198') in 0.072709 seconds 
========================================================================
Received Import Request.
  Time since last request: 0.000214 seconds.
  path: Assets/SpriteSheets/fx/particles_palette.png
  artifactKey: Guid(2c911bcae8d1d97438a761fbaf0232d6) Importer(815301076,1909f56bfc062723c751e8b465ee728b)
Start importing Assets/SpriteSheets/fx/particles_palette.png using Guid(2c911bcae8d1d97438a761fbaf0232d6) Importer(815301076,1909f56bfc062723c751e8b465ee728b)  -> (artifact id: 'b1d8f94acbe9c59f205135b7812c2cae') in 0.062116 seconds 
========================================================================
Received Import Request.
  Time since last request: 0.000216 seconds.
  path: Assets/SpriteSheets/fx/explosion_smoke.png
  artifactKey: Guid(07f265f737949254c8ce911cae541269) Importer(815301076,1909f56bfc062723c751e8b465ee728b)
Start importing Assets/SpriteSheets/fx/explosion_smoke.png using Guid(07f265f737949254c8ce911cae541269) Importer(815301076,1909f56bfc062723c751e8b465ee728b)  -> (artifact id: '0eb482544abc1ba9e9e93bc0d8cf1bcb') in 0.122818 seconds 
========================================================================
Received Prepare
Registering precompiled user dll's ...
Registered in 0.003494 seconds.
Begin MonoManager ReloadAssembly
Native extension for WindowsStandalone target not found
Native extension for WebGL target not found
Refreshing native plugins compatible for Editor in 0.50 ms, found 3 plugins.
Preloading 0 native plugins for Editor in 0.00 ms.
Mono: successfully reloaded assembly
- Completed reload, in  0.936 seconds
Domain Reload Profiling:
	ReloadAssembly (936ms)
		BeginReloadAssembly (133ms)
			ExecutionOrderSort (0ms)
			DisableScriptedObjects (6ms)
			BackupInstance (0ms)
			ReleaseScriptingObjects (0ms)
			CreateAndSetChildDomain (34ms)
		EndReloadAssembly (753ms)
			LoadAssemblies (123ms)
			RebuildTransferFunctionScriptingTraits (0ms)
			SetupTypeCache (275ms)
			ReleaseScriptCaches (1ms)
			RebuildScriptCaches (41ms)
			SetupLoadedEditorAssemblies (266ms)
				LogAssemblyErrors (0ms)
				InitializePlatformSupportModulesInManaged (4ms)
				SetLoadedEditorAssemblies (1ms)
				RefreshPlugins (1ms)
				BeforeProcessingInitializeOnLoad (54ms)
				ProcessInitializeOnLoadAttributes (195ms)
				ProcessInitializeOnLoadMethodAttributes (10ms)
				AfterProcessingInitializeOnLoad (2ms)
				EditorAssembliesLoaded (0ms)
			ExecutionOrderSort2 (0ms)
			AwakeInstancesAfterBackupRestoration (8ms)
Platform modules already initialized, skipping
Refreshing native plugins compatible for Editor in 0.50 ms, found 3 plugins.
Preloading 0 native plugins for Editor in 0.00 ms.
Unloading 2343 Unused Serialized files (Serialized files now loaded: 0)
System memory in use before: 105.4 MB.
System memory in use after: 105.5 MB.

Unloading 21 unused Assets to reduce memory usage. Loaded Objects now: 2814.
Total: 3.740300 ms (FindLiveObjects: 0.279200 ms CreateObjectMapping: 0.115800 ms MarkObjects: 3.147700 ms  DeleteObjects: 0.196300 ms)

AssetImportParameters requested are different than current active one (requested -> active):
  custom:framework-win-MediaFoundation: 216162199b28c13a410421893ffa2e32 -> 
  custom:video-decoder-ogg-theora: a1e56fd34408186e4bbccfd4996cb3dc -> 
  custom:container-muxer-webm: aa71ff27fc2769a1b78a27578f13a17b -> 
  custom:container-demuxer-webm: 4f35f7cbe854078d1ac9338744f61a02 -> 
  custom:container-demuxer-ogg: 62fdf1f143b41e24485cea50d1cbac27 -> 
  custom:video-encoder-webm-vp8: eb34c28f22e8b96e1ab97ce403110664 -> 
  custom:video-codec-MediaFoundation-h265: 746d11721c4dcdbdad8f713fa42b33f4 -> 
  custom:video-decoder-webm-vp8: 9c59270c3fd7afecdb556c50c9e8de78 -> 
  custom:audio-decoder-ogg-vorbis: bf7c407c2cedff20999df2af8eb42d56 -> 
  custom:audio-encoder-webm-vorbis: bf7c407c2cedff20999df2af8eb42d56 -> 
AssetImportWorkerClient::OnTransportError - code=2 error=End of file
